TN:
SF:/Users/andreygubarev/Documents/Tasks/deliaSoft/deliaTask/src/polyfills.ts
FNF:0
FNH:0
LF:0
LH:0
BRF:0
BRH:0
end_of_record
TN:
SF:/Users/andreygubarev/Documents/Tasks/deliaSoft/deliaTask/src/test.ts
FNF:0
FNH:0
DA:18,1
DA:23,1
DA:25,1
LF:3
LH:3
BRF:0
BRH:0
end_of_record
TN:
SF:/Users/andreygubarev/Documents/Tasks/deliaSoft/deliaTask/src/app/app.animations.ts
FNF:0
FNH:0
DA:8,1
DA:12,1
DA:15,1
LF:3
LH:3
BRF:0
BRH:0
end_of_record
TN:
SF:/Users/andreygubarev/Documents/Tasks/deliaSoft/deliaTask/src/app/app.component.ts
FN:8,(anonymous_0)
FNF:1
FNH:1
FNDA:2,(anonymous_0)
DA:8,1
DA:9,2
LF:2
LH:2
BRF:0
BRH:0
end_of_record
TN:
SF:/Users/andreygubarev/Documents/Tasks/deliaSoft/deliaTask/src/app/main/main.component.ts
FNF:0
FNH:0
DA:9,1
LF:1
LH:1
BRF:0
BRH:0
end_of_record
TN:
SF:/Users/andreygubarev/Documents/Tasks/deliaSoft/deliaTask/src/app/main/service.service.ts
FN:10,(anonymous_0)
FNF:1
FNH:1
FNDA:17,(anonymous_0)
DA:7,1
DA:8,17
DA:9,17
LF:3
LH:3
BRF:0
BRH:0
end_of_record
TN:
SF:/Users/andreygubarev/Documents/Tasks/deliaSoft/deliaTask/src/app/main/components/form/form.component.ts
FN:37,(anonymous_0)
FN:39,(anonymous_1)
FN:40,(anonymous_2)
FN:48,(anonymous_3)
FN:56,(anonymous_4)
FN:59,(anonymous_5)
FN:63,(anonymous_6)
FN:66,(anonymous_7)
FN:77,(anonymous_8)
FN:83,(anonymous_9)
FN:104,(anonymous_10)
FNF:11
FNH:11
FNDA:11,(anonymous_0)
FNDA:11,(anonymous_1)
FNDA:14,(anonymous_2)
FNDA:1,(anonymous_3)
FNDA:1,(anonymous_4)
FNDA:2,(anonymous_5)
FNDA:1,(anonymous_6)
FNDA:2,(anonymous_7)
FNDA:1,(anonymous_8)
FNDA:2,(anonymous_9)
FNDA:11,(anonymous_10)
DA:20,1
DA:21,11
DA:22,11
DA:24,11
DA:25,11
DA:26,11
DA:27,11
DA:28,11
DA:32,11
DA:37,11
DA:40,14
DA:41,11
DA:49,1
DA:53,1
DA:54,1
DA:57,1
DA:60,2
DA:61,2
DA:64,1
DA:67,2
DA:68,2
DA:69,2
DA:70,2
DA:71,1
DA:72,1
DA:74,1
DA:75,1
DA:76,1
DA:77,1
DA:78,1
DA:79,1
DA:84,2
DA:85,1
DA:86,1
DA:94,1
DA:95,1
DA:96,1
DA:97,1
DA:98,1
DA:99,1
DA:101,1
LF:41
LH:41
BRDA:70,0,0,1
BRDA:70,0,1,1
BRDA:84,1,0,1
BRDA:84,1,1,1
BRF:4
BRH:4
end_of_record
TN:
SF:/Users/andreygubarev/Documents/Tasks/deliaSoft/deliaTask/src/app/main/components/map/map.component.ts
FN:18,(anonymous_0)
FN:20,(anonymous_1)
FN:21,(anonymous_2)
FN:22,(anonymous_3)
FN:24,(anonymous_4)
FN:27,(anonymous_5)
FNF:6
FNH:6
FNDA:3,(anonymous_0)
FNDA:3,(anonymous_1)
FNDA:4,(anonymous_2)
FNDA:3,(anonymous_3)
FNDA:1,(anonymous_4)
FNDA:1,(anonymous_5)
DA:14,1
DA:15,3
DA:16,3
DA:17,3
DA:18,3
DA:21,4
DA:22,3
DA:25,1
DA:28,1
DA:29,1
LF:10
LH:10
BRF:0
BRH:0
end_of_record
TN:
SF:/Users/andreygubarev/Documents/Tasks/deliaSoft/deliaTask/src/app/main/components/map/popup/popup.component.ts
FN:16,(anonymous_0)
FN:18,(anonymous_1)
FN:19,(anonymous_2)
FN:21,(anonymous_3)
FNF:4
FNH:4
FNDA:2,(anonymous_0)
FNDA:2,(anonymous_1)
FNDA:3,(anonymous_2)
FNDA:1,(anonymous_3)
DA:12,1
DA:13,1
DA:16,2
DA:19,3
DA:22,1
LF:5
LH:5
BRF:0
BRH:0
end_of_record
TN:
SF:/Users/andreygubarev/Documents/Tasks/deliaSoft/deliaTask/src/app/model/properties.repository.ts
FN:6,(anonymous_0)
FN:9,(anonymous_1)
FN:12,(anonymous_2)
FNF:3
FNH:3
FNDA:14,(anonymous_0)
FNDA:4,(anonymous_1)
FNDA:1,(anonymous_2)
DA:6,1
DA:7,14
DA:10,4
DA:13,1
LF:4
LH:4
BRF:0
BRH:0
end_of_record
TN:
SF:/Users/andreygubarev/Documents/Tasks/deliaSoft/deliaTask/src/app/model/property.model.ts
FN:2,(anonymous_0)
FNF:1
FNH:1
FNDA:1,(anonymous_0)
DA:3,1
DA:4,1
DA:5,1
DA:6,1
DA:7,1
DA:8,1
LF:6
LH:6
BRF:0
BRH:0
end_of_record
